<?xml version="1.0" encoding="UTF-8"?>
<!-- Generated by org.testng.reporters.JUnitXMLReporter -->
<testsuite hostname="tarun" name="PurchaseESDOnline" tests="11" failures="0" timestamp="24 Sep 2020 12:29:50 GMT" time="123.46" errors="0">
  <testcase name="purchaseESDOnline" time="76.947" classname="Marketplace.PurchaseESDOnline"/>
  <testcase name="verifyProductNameInMyAccount" time="8.046" classname="Marketplace.PurchaseESDOnline"/>
  <testcase name="verifyTotalAmountInMyOrders" time="0.068" classname="Marketplace.PurchaseESDOnline"/>
  <testcase name="verifyOrderAmountInMyBilling" time="5.046" classname="Marketplace.PurchaseESDOnline"/>
  <testcase name="verifyTotalAmountInMyInvoices" time="7.072" classname="Marketplace.PurchaseESDOnline"/>
  <testcase name="verifyInvoiceAmountInMyledger" time="1.04" classname="Marketplace.PurchaseESDOnline"/>
  <testcase name="verifyTotalAmountInMyReceipts" time="7.429" classname="Marketplace.PurchaseESDOnline"/>
  <testcase name="verifyReceiptAmountInMyBilling" time="1.015" classname="Marketplace.PurchaseESDOnline"/>
  <testcase name="verifyRenewalDateInService" time="9.563" classname="Marketplace.PurchaseESDOnline"/>
  <testcase name="verifyBillingCycleInService" time="0.235" classname="Marketplace.PurchaseESDOnline"/>
  <testcase name="verifyFirstPaymentAmountInService" time="0.048" classname="Marketplace.PurchaseESDOnline"/>
</testsuite> <!-- PurchaseESDOnline -->
