<?xml version="1.0" encoding="UTF-8"?>
<!-- Generated by org.testng.reporters.JUnitXMLReporter -->
<testsuite hostname="tarun" name="PurchaseMSOfficeWithOffilne" tests="6" failures="0" timestamp="24 Sep 2020 09:42:32 GMT" time="202.038" errors="0">
  <testcase name="purchaseOrder" time="40.873" classname="Marketplace.PurchaseMSOffice365Offline"/>
  <testcase name="verifyOrderInMyAccount" time="8.732" classname="Marketplace.PurchaseMSOffice365Offline"/>
  <testcase name="verifyTotalAmountInMyOrders" time="0.061" classname="Marketplace.PurchaseMSOffice365Offline"/>
  <testcase name="payPendingOrderPayment" time="133.375" classname="Marketplace.PurchaseMSOffice365Offline"/>
  <testcase name="verifyTotalAmountInMyInvoices" time="8.284" classname="Marketplace.PurchaseMSOffice365Offline"/>
  <testcase name="verifyEmailLogs" time="1.094" classname="Marketplace.PurchaseMSOffice365Offline"/>
</testsuite> <!-- PurchaseMSOfficeWithOffilne -->
