<?xml version="1.0" encoding="UTF-8"?>
<!-- Generated by org.testng.reporters.JUnitXMLReporter -->
<testsuite hostname="tarun" name="PurchaseServiceWithOffilne" tests="6" failures="0" timestamp="11 Aug 2020 07:58:59 GMT" time="211.677" errors="0">
  <testcase name="purchaseOrder" time="42.824" classname="Marketplace.PurchaseServiceOffline"/>
  <testcase name="VerifyOrderInMyAccount" time="9.94" classname="Marketplace.PurchaseServiceOffline"/>
  <testcase name="VerifyTotalAmountInMyOrders" time="0.078" classname="Marketplace.PurchaseServiceOffline"/>
  <testcase name="PayPendingOrderPayment" time="138.837" classname="Marketplace.PurchaseServiceOffline"/>
  <testcase name="VerifyTotalAmountInMyInvoices" time="8.365" classname="Marketplace.PurchaseServiceOffline"/>
  <testcase name="verifyEmailLogs" time="1.365" classname="Marketplace.PurchaseServiceOffline"/>
</testsuite> <!-- PurchaseServiceWithOffilne -->
