<?xml version="1.0" encoding="UTF-8"?>
<!-- Generated by org.testng.reporters.JUnitXMLReporter -->
<testsuite hostname="tarun" name="PurchaseServiceWithCredit" tests="6" failures="0" timestamp="11 Aug 2020 07:55:27 GMT" time="231.069" errors="0">
  <testcase name="addTopUpAmountAndVerifyInReceipt" time="96.872" classname="Marketplace.PurchaseServiceCredit"/>
  <testcase name="PurchaseOrderWithCredit" time="94.557" classname="Marketplace.PurchaseServiceCredit"/>
  <testcase name="VerifyOrderInMyAccount" time="0.069" classname="Marketplace.PurchaseServiceCredit"/>
  <testcase name="VerifyTotalAmountInMyInvoices" time="1.819" classname="Marketplace.PurchaseServiceCredit"/>
  <testcase name="RenewThisServiceAndVerifyDueDate" time="15.736" classname="Marketplace.PurchaseServiceCredit"/>
  <testcase name="VerifyRenewServiceInvoiceStatus" time="1.012" classname="Marketplace.PurchaseServiceCredit"/>
</testsuite> <!-- PurchaseServiceWithCredit -->
