<?xml version="1.0" encoding="UTF-8"?>
<!-- Generated by org.testng.reporters.JUnitXMLReporter -->
<testsuite hostname="tarun" name="PurchaseAcronisCredit" tests="12" failures="0" timestamp="24 Sep 2020 10:17:50 GMT" time="281.888" errors="0">
  <testcase name="addTopUpAmountAndVerifyInReceipt" time="73.171" classname="Marketplace.PurchaseAcronicsCredit"/>
  <testcase name="purchaseAcronisWithCredit" time="42.354" classname="Marketplace.PurchaseAcronicsCredit"/>
  <testcase name="verifyUserNameInMyAccount" time="0.051" classname="Marketplace.PurchaseAcronicsCredit"/>
  <testcase name="upgradeTermAndVerifyDate" time="29.11" classname="Marketplace.PurchaseAcronicsCredit"/>
  <testcase name="renewThisServiceAndVerifyDueDate" time="28.448" classname="Marketplace.PurchaseAcronicsCredit"/>
  <testcase name="verifyRenewServiceInvoiceStatus" time="0.61" classname="Marketplace.PurchaseAcronicsCredit"/>
  <testcase name="verifyServiceAmountInLedger" time="1.121" classname="Marketplace.PurchaseAcronicsCredit"/>
  <testcase name="submitCancellationRequest" time="6.47" classname="Marketplace.PurchaseAcronicsCredit"/>
  <testcase name="upgradeServiceAndVerifyAmountInLedger" time="43.911" classname="Marketplace.PurchaseAcronicsCredit"/>
  <testcase name="verifyUpgradeQuantityInMyServices" time="5.888" classname="Marketplace.PurchaseAcronicsCredit"/>
  <testcase name="downgradeServiceAndVerifyAmountInLedger" time="19.118" classname="Marketplace.PurchaseAcronicsCredit"/>
  <testcase name="verifyDowngradeQuantityInMyServices" time="5.052" classname="Marketplace.PurchaseAcronicsCredit"/>
</testsuite> <!-- PurchaseAcronisCredit -->
