<?xml version="1.0" encoding="UTF-8"?>
<!-- Generated by org.testng.reporters.JUnitXMLReporter -->
<testsuite hostname="tarun" name="PurchaseServerOnline" tests="8" failures="0" timestamp="24 Sep 2020 09:49:52 GMT" time="112.069" errors="0">
  <testcase name="purchaseDedicatedServerOnline" time="73.248" classname="Marketplace.PurchaseDedicatedServerOnline"/>
  <testcase name="verifyHostNameInMyAccount" time="8.895" classname="Marketplace.PurchaseDedicatedServerOnline"/>
  <testcase name="verifyTotalAmountInMyOrders" time="0.075" classname="Marketplace.PurchaseDedicatedServerOnline"/>
  <testcase name="verifyOrderAmountInMyBilling" time="5.049" classname="Marketplace.PurchaseDedicatedServerOnline"/>
  <testcase name="verifyTotalAmountInMyInvoices" time="7.446" classname="Marketplace.PurchaseDedicatedServerOnline"/>
  <testcase name="verifyInvoiceAmountInMyledger" time="1.222" classname="Marketplace.PurchaseDedicatedServerOnline"/>
  <testcase name="verifyTotalAmountInMyReceipts" time="8.256" classname="Marketplace.PurchaseDedicatedServerOnline"/>
  <testcase name="verifyReceiptAmountInMyBilling" time="1.071" classname="Marketplace.PurchaseDedicatedServerOnline"/>
</testsuite> <!-- PurchaseServerOnline -->
