<?xml version="1.0" encoding="UTF-8"?>
<!-- Generated by org.testng.reporters.JUnitXMLReporter -->
<testsuite hostname="tarun" name="PurchasedomainOnline" tests="8" failures="0" timestamp="24 Sep 2020 09:56:26 GMT" time="129.428" errors="0">
  <testcase name="purchaseDomainOrder" time="97.557" classname="Marketplace.PurchaseDomainOnline"/>
  <testcase name="verifyTotalAmountInMyOrders" time="0.109" classname="Marketplace.PurchaseDomainOnline"/>
  <testcase name="verifyOrderAmountInMyBilling" time="4.895" classname="Marketplace.PurchaseDomainOnline"/>
  <testcase name="verifyTotalAmountInMyInvoices" time="7.183" classname="Marketplace.PurchaseDomainOnline"/>
  <testcase name="verifyInvoiceAmountInMyledger" time="1.057" classname="Marketplace.PurchaseDomainOnline"/>
  <testcase name="verifyTotalAmountInMyReceipts" time="7.057" classname="Marketplace.PurchaseDomainOnline"/>
  <testcase name="verifyReceiptAmountInMyBilling" time="1.071" classname="Marketplace.PurchaseDomainOnline"/>
  <testcase name="verifyEmailLogs" time="3.956" classname="Marketplace.PurchaseDomainOnline"/>
</testsuite> <!-- PurchasedomainOnline -->
