<?xml version="1.0" encoding="UTF-8"?>
<!-- Generated by org.testng.reporters.JUnitXMLReporter -->
<testsuite hostname="tarun" name="PurchaseServerOffline" tests="5" failures="0" timestamp="24 Sep 2020 09:51:35 GMT" time="102.764" errors="0">
  <testcase name="purchaseServerOffline" time="21.598" classname="Marketplace.PurchaseDedicatedServerOffline"/>
  <testcase name="verifyHostNameInMyAccount" time="7.91" classname="Marketplace.PurchaseDedicatedServerOffline"/>
  <testcase name="verifyTotalAmountInMyOrders" time="0.062" classname="Marketplace.PurchaseDedicatedServerOffline"/>
  <testcase name="payPendingOrderPayment" time="58.581" classname="Marketplace.PurchaseDedicatedServerOffline"/>
  <testcase name="verifyTotalAmountInMyInvoices" time="7.595" classname="Marketplace.PurchaseDedicatedServerOffline"/>
</testsuite> <!-- PurchaseServerOffline -->
