<?xml version="1.0" encoding="UTF-8"?>
<!-- Generated by org.testng.reporters.JUnitXMLReporter -->
<testsuite hostname="tarun" name="PurchasedomainOffline" tests="5" failures="0" timestamp="24 Sep 2020 09:58:34 GMT" time="128.035" errors="0">
  <testcase name="purchaseDomainOffline" time="39.713" classname="Marketplace.PurchaseDomainOffline"/>
  <testcase name="verifyTotalAmountInMyOrders" time="0.06" classname="Marketplace.PurchaseDomainOffline"/>
  <testcase name="payPendingOrderPayment" time="69.479" classname="Marketplace.PurchaseDomainOffline"/>
  <testcase name="verifyTotalAmountInMyInvoices" time="7.69" classname="Marketplace.PurchaseDomainOffline"/>
  <testcase name="verifyEmailLogs" time="3.831" classname="Marketplace.PurchaseDomainOffline"/>
</testsuite> <!-- PurchasedomainOffline -->
