<?xml version="1.0" encoding="UTF-8"?>
<!-- Generated by org.testng.reporters.JUnitXMLReporter -->
<testsuite hostname="tarun" name="PurchaseBundleCredit" tests="9" failures="0" timestamp="24 Sep 2020 12:57:08 GMT" time="232.42" errors="0">
  <testcase name="addTopUpAmountAndVerifyInReceipt" time="66.365" classname="Marketplace.PurchaseBundleCredit"/>
  <testcase name="purchaseBundleWithCredit" time="99.015" classname="Marketplace.PurchaseBundleCredit"/>
  <testcase name="verifyOrderAmountInMyBilling" time="5.009" classname="Marketplace.PurchaseBundleCredit"/>
  <testcase name="verifyTotalAmountInMyInvoices" time="26.614" classname="Marketplace.PurchaseBundleCredit"/>
  <testcase name="verifyInvoiceAmountInMyledger" time="0.993" classname="Marketplace.PurchaseBundleCredit"/>
  <testcase name="verifyTotalAmountInMyReceipts" time="6.595" classname="Marketplace.PurchaseBundleCredit"/>
  <testcase name="verifyReceiptAmountInMyBilling" time="0.914" classname="Marketplace.PurchaseBundleCredit"/>
  <testcase name="verifyAcronisServiceEmailLogs" time="3.67" classname="Marketplace.PurchaseBundleCredit"/>
  <testcase name="verifyEmailServiceEmailLogs" time="0.028" classname="Marketplace.PurchaseBundleCredit"/>
</testsuite> <!-- PurchaseBundleCredit -->
