<?xml version="1.0" encoding="UTF-8"?>
<!-- Generated by org.testng.reporters.JUnitXMLReporter -->
<testsuite hostname="tarun" name="PurchaseAcronisOffline" tests="6" failures="0" timestamp="24 Sep 2020 10:13:08 GMT" time="128.577" errors="0">
  <testcase name="purchaseAcronisOffline" time="22.815" classname="Marketplace.PurchaseAcronicsOffline"/>
  <testcase name="verifyUserNameInMyAccount" time="7.851" classname="Marketplace.PurchaseAcronicsOffline"/>
  <testcase name="verifyTotalAmountInMyOrders" time="0.057" classname="Marketplace.PurchaseAcronicsOffline"/>
  <testcase name="payPendingOrderPayment" time="78.044" classname="Marketplace.PurchaseAcronicsOffline"/>
  <testcase name="verifyTotalAmountInMyInvoices" time="9.038" classname="Marketplace.PurchaseAcronicsOffline"/>
  <testcase name="verifyEmailLogs" time="3.815" classname="Marketplace.PurchaseAcronicsOffline"/>
</testsuite> <!-- PurchaseAcronisOffline -->
