<?xml version="1.0" encoding="UTF-8"?>
<!-- Generated by org.testng.reporters.JUnitXMLReporter -->
<testsuite hostname="tarun" name="PurchaseBundleOnline" tests="9" failures="0" timestamp="24 Sep 2020 12:49:54 GMT" time="215.548" errors="0">
  <testcase name="purchaseBundleOnline" time="175.244" classname="Marketplace.PurchaseBundleOnline"/>
  <testcase name="verifyTotalAmountInMyOrders" time="8.613" classname="Marketplace.PurchaseBundleOnline"/>
  <testcase name="verifyOrderAmountInMyBilling" time="4.869" classname="Marketplace.PurchaseBundleOnline"/>
  <testcase name="verifyTotalAmountInMyInvoices" time="7.164" classname="Marketplace.PurchaseBundleOnline"/>
  <testcase name="verifyInvoiceAmountInMyledger" time="1.105" classname="Marketplace.PurchaseBundleOnline"/>
  <testcase name="verifyTotalAmountInMyReceipts" time="7.417" classname="Marketplace.PurchaseBundleOnline"/>
  <testcase name="verifyReceiptAmountInMyBilling" time="1.034" classname="Marketplace.PurchaseBundleOnline"/>
  <testcase name="verifyAcronisServiceEmailLogs" time="3.746" classname="Marketplace.PurchaseBundleOnline"/>
  <testcase name="verifyEmailServiceEmailLogs" time="0.034" classname="Marketplace.PurchaseBundleOnline"/>
</testsuite> <!-- PurchaseBundleOnline -->
