<?xml version="1.0" encoding="UTF-8"?>
<!-- Generated by org.testng.reporters.JUnitXMLReporter -->
<testsuite hostname="tarun" name="PurchaseMSOfficeOnline" tests="9" failures="0" timestamp="24 Sep 2020 09:35:35 GMT" time="217.302" errors="0">
  <testcase name="purchaseOrder" time="168.683" classname="Marketplace.PurchaseMSOffice365Online"/>
  <testcase name="verifyOrderInMyAccount" time="8.75" classname="Marketplace.PurchaseMSOffice365Online"/>
  <testcase name="verifyTotalAmountInMyOrders" time="0.088" classname="Marketplace.PurchaseMSOffice365Online"/>
  <testcase name="verifyOrderAmountInMyBilling" time="5.163" classname="Marketplace.PurchaseMSOffice365Online"/>
  <testcase name="verifyTotalAmountInMyInvoices" time="7.416" classname="Marketplace.PurchaseMSOffice365Online"/>
  <testcase name="verifyInvoiceAmountInMyledger" time="1.051" classname="Marketplace.PurchaseMSOffice365Online"/>
  <testcase name="verifyTotalAmountInMyReceipts" time="7.746" classname="Marketplace.PurchaseMSOffice365Online"/>
  <testcase name="verifyReceiptAmountInMyBilling" time="1.013" classname="Marketplace.PurchaseMSOffice365Online"/>
  <testcase name="verifyEmailLogs" time="3.739" classname="Marketplace.PurchaseMSOffice365Online"/>
</testsuite> <!-- PurchaseMSOfficeOnline -->
