<?xml version="1.0" encoding="UTF-8"?>
<!-- Generated by org.testng.reporters.JUnitXMLReporter -->
<testsuite hostname="tarun" name="PurchaseESDCredit" tests="12" failures="0" timestamp="24 Sep 2020 12:34:25 GMT" time="159.841" errors="0">
  <testcase name="addTopUpAmountAndVerifyInReceipt" time="70.72" classname="Marketplace.PurchaseESDCredit"/>
  <testcase name="purchaseESDWithCredit" time="28.187" classname="Marketplace.PurchaseESDCredit"/>
  <testcase name="verifyProductNameInMyAccount" time="0.055" classname="Marketplace.PurchaseESDCredit"/>
  <testcase name="verifyOrderAmountInMyBilling" time="4.933" classname="Marketplace.PurchaseESDCredit"/>
  <testcase name="verifyTotalAmountInMyInvoices" time="6.689" classname="Marketplace.PurchaseESDCredit"/>
  <testcase name="verifyInvoiceAmountInMyledger" time="0.962" classname="Marketplace.PurchaseESDCredit"/>
  <testcase name="verifyTotalAmountInMyReceipts" time="6.912" classname="Marketplace.PurchaseESDCredit"/>
  <testcase name="verifyReceiptAmountInMyBilling" time="0.99" classname="Marketplace.PurchaseESDCredit"/>
  <testcase name="verifyRenewalDateInService" time="9.466" classname="Marketplace.PurchaseESDCredit"/>
  <testcase name="verifyBillingCycleInService" time="0.238" classname="Marketplace.PurchaseESDCredit"/>
  <testcase name="verifyFirstPaymentAmountInService" time="0.042" classname="Marketplace.PurchaseESDCredit"/>
  <testcase name="submitCancellationRequest" time="6.776" classname="Marketplace.PurchaseESDCredit"/>
</testsuite> <!-- PurchaseESDCredit -->
