<?xml version="1.0" encoding="UTF-8"?>
<!-- Generated by org.testng.reporters.JUnitXMLReporter -->
<testsuite hostname="tarun" name="PurchaseAcronisOnline" tests="9" failures="0" timestamp="24 Sep 2020 10:11:00 GMT" time="132.972" errors="0">
  <testcase name="purchaseAcronicsOnline" time="91.962" classname="Marketplace.PurchaseAcronicsOnline"/>
  <testcase name="verifyUserNameInMyAccount" time="8.275" classname="Marketplace.PurchaseAcronicsOnline"/>
  <testcase name="verifyTotalAmountInMyOrders" time="0.056" classname="Marketplace.PurchaseAcronicsOnline"/>
  <testcase name="verifyOrderAmountInMyBilling" time="4.928" classname="Marketplace.PurchaseAcronicsOnline"/>
  <testcase name="verifyTotalAmountInMyInvoices" time="7.019" classname="Marketplace.PurchaseAcronicsOnline"/>
  <testcase name="verifyInvoiceAmountInMyledger" time="1.006" classname="Marketplace.PurchaseAcronicsOnline"/>
  <testcase name="verifyTotalAmountInMyReceipts" time="7.725" classname="Marketplace.PurchaseAcronicsOnline"/>
  <testcase name="verifyReceiptAmountInMyBilling" time="0.946" classname="Marketplace.PurchaseAcronicsOnline"/>
  <testcase name="verifyEmailLogs" time="3.727" classname="Marketplace.PurchaseAcronicsOnline"/>
</testsuite> <!-- PurchaseAcronisOnline -->
