<?xml version="1.0" encoding="UTF-8"?>
<!-- Generated by org.testng.reporters.JUnitXMLReporter -->
<testsuite hostname="tarun" name="PurchaseVPSCloudOffline" tests="5" failures="0" timestamp="24 Sep 2020 10:06:00 GMT" time="104.681" errors="0">
  <testcase name="purchaseVPSCloudOffline" time="19.514" classname="Marketplace.PurchaseVPSCloudOffline"/>
  <testcase name="verifyHostNameInMyAccount" time="7.932" classname="Marketplace.PurchaseVPSCloudOffline"/>
  <testcase name="verifyTotalAmountInMyOrders" time="0.054" classname="Marketplace.PurchaseVPSCloudOffline"/>
  <testcase name="payPendingOrderPayment" time="61.378" classname="Marketplace.PurchaseVPSCloudOffline"/>
  <testcase name="verifyTotalAmountInMyInvoices" time="7.809" classname="Marketplace.PurchaseVPSCloudOffline"/>
</testsuite> <!-- PurchaseVPSCloudOffline -->
