<?xml version="1.0" encoding="UTF-8"?>
<!-- Generated by org.testng.reporters.JUnitXMLReporter -->
<testsuite hostname="tarun" name="PurchaseServiceOnline" tests="9" failures="0" timestamp="11 Aug 2020 07:51:32 GMT" time="216.504" errors="0">
  <testcase name="purchaseOrder" time="163.69" classname="Marketplace.PurchaseService"/>
  <testcase name="VerifyOrderInMyAccount" time="9.991" classname="Marketplace.PurchaseService"/>
  <testcase name="VerifyTotalAmountInMyOrders" time="0.079" classname="Marketplace.PurchaseService"/>
  <testcase name="verifyOrderAmountInMyBilling" time="5.746" classname="Marketplace.PurchaseService"/>
  <testcase name="VerifyTotalAmountInMyInvoices" time="7.809" classname="Marketplace.PurchaseService"/>
  <testcase name="verifyInvoiceAmountInMyledger" time="1.386" classname="Marketplace.PurchaseService"/>
  <testcase name="VerifyTotalAmountInMyReceipts" time="7.686" classname="Marketplace.PurchaseService"/>
  <testcase name="verifyReceiptAmountInMyBilling" time="1.312" classname="Marketplace.PurchaseService"/>
  <testcase name="verifyEmailLogs" time="3.791" classname="Marketplace.PurchaseService"/>
</testsuite> <!-- PurchaseServiceOnline -->
