<?xml version="1.0" encoding="UTF-8"?>
<!-- Generated by org.testng.reporters.JUnitXMLReporter -->
<testsuite hostname="tarun" name="PurchaseVPSCloudCredit" tests="8" failures="0" timestamp="24 Sep 2020 10:08:47 GMT" time="167.165" errors="0">
  <testcase name="addTopUpAmountAndVerifyInReceipt" time="69.497" classname="Marketplace.PurchaseVPSCloudCredit"/>
  <testcase name="purchaseVPSCloudWithCredit" time="26.196" classname="Marketplace.PurchaseVPSCloudCredit"/>
  <testcase name="verifyHostNameInMyAccount" time="0.055" classname="Marketplace.PurchaseVPSCloudCredit"/>
  <testcase name="upgradeTermAndVerifyDate" time="24.135" classname="Marketplace.PurchaseVPSCloudCredit"/>
  <testcase name="renewThisServiceAndVerifyDueDate" time="13.426" classname="Marketplace.PurchaseVPSCloudCredit"/>
  <testcase name="verifyRenewServiceInvoiceStatus" time="1.3" classname="Marketplace.PurchaseVPSCloudCredit"/>
  <testcase name="verifyServiceAmountInLedger" time="0.96" classname="Marketplace.PurchaseVPSCloudCredit"/>
  <testcase name="submitCancellationRequest" time="6.078" classname="Marketplace.PurchaseVPSCloudCredit"/>
</testsuite> <!-- PurchaseVPSCloudCredit -->
