<?xml version="1.0" encoding="UTF-8"?>
<!-- Generated by org.testng.reporters.JUnitXMLReporter -->
<testsuite hostname="tarun" name="PurchaseVPSCloudOnline" tests="8" failures="0" timestamp="24 Sep 2020 10:04:15 GMT" time="109.751" errors="0">
  <testcase name="purchaseVPSCloudOnline" time="73.469" classname="Marketplace.PurchaseVPSCloudOnline"/>
  <testcase name="verifyHostNameInMyAccount" time="7.991" classname="Marketplace.PurchaseVPSCloudOnline"/>
  <testcase name="verifyTotalAmountInMyOrders" time="0.059" classname="Marketplace.PurchaseVPSCloudOnline"/>
  <testcase name="verifyOrderAmountInMyBilling" time="4.939" classname="Marketplace.PurchaseVPSCloudOnline"/>
  <testcase name="verifyTotalAmountInMyInvoices" time="6.854" classname="Marketplace.PurchaseVPSCloudOnline"/>
  <testcase name="verifyInvoiceAmountInMyledger" time="1.005" classname="Marketplace.PurchaseVPSCloudOnline"/>
  <testcase name="verifyTotalAmountInMyReceipts" time="6.934" classname="Marketplace.PurchaseVPSCloudOnline"/>
  <testcase name="verifyReceiptAmountInMyBilling" time="0.985" classname="Marketplace.PurchaseVPSCloudOnline"/>
</testsuite> <!-- PurchaseVPSCloudOnline -->
