<?xml version="1.0" encoding="UTF-8"?>
<!-- Generated by org.testng.reporters.JUnitXMLReporter -->
<testsuite hostname="tarun" name="PurchaseAzurePostpaid" tests="4" failures="0" timestamp="24 Sep 2020 12:35:09 GMT" time="44.152" errors="0">
  <testcase name="purchaseAzure" time="28.553" classname="Marketplace.PurchaseAzurePostpaid"/>
  <testcase name="verifyDomainNameInMyAccount" time="8.208" classname="Marketplace.PurchaseAzurePostpaid"/>
  <testcase name="verifyTotalAmountInMyOrders" time="0.058" classname="Marketplace.PurchaseAzurePostpaid"/>
  <testcase name="verifyOrderStatusInMyOrders" time="0.028" classname="Marketplace.PurchaseAzurePostpaid"/>
</testsuite> <!-- PurchaseAzurePostpaid -->
