<?xml version="1.0" encoding="UTF-8"?>
<!-- Generated by org.testng.reporters.JUnitXMLReporter -->
<testsuite hostname="tarun" name="SignUpValidation" tests="27" failures="0" timestamp="24 Sep 2020 10:02:25 GMT" time="40.398" errors="0">
  <testcase name="duplicateUsernameTest" time="3.42" classname="Marketplace.SignUp"/>
  <testcase name="invalidUsernameLengthTest" time="0.377" classname="Marketplace.SignUp"/>
  <testcase name="invalidUsernameInputTest" time="0.307" classname="Marketplace.SignUp"/>
  <testcase name="emptyUsernameTest" time="1.647" classname="Marketplace.SignUp"/>
  <testcase name="invalidEmailTest" time="0.247" classname="Marketplace.SignUp"/>
  <testcase name="invalidPasswordTest" time="0.226" classname="Marketplace.SignUp"/>
  <testcase name="invalidPasswordLengthTest" time="0.198" classname="Marketplace.SignUp"/>
  <testcase name="invalidConfirmPassword" time="0.201" classname="Marketplace.SignUp"/>
  <testcase name="invalidFirstName" time="0.247" classname="Marketplace.SignUp"/>
  <testcase name="invalidLastName" time="0.211" classname="Marketplace.SignUp"/>
  <testcase name="invalidCityName" time="0.192" classname="Marketplace.SignUp"/>
  <testcase name="invalidMobileNumber" time="0.198" classname="Marketplace.SignUp"/>
  <testcase name="uncheckedTerms" time="1.837" classname="Marketplace.SignUp"/>
  <testcase name="emptyUsernameTest" time="1.677" classname="Marketplace.SignUp"/>
  <testcase name="emptyEmailTest" time="1.495" classname="Marketplace.SignUp"/>
  <testcase name="emptyFirstNameTest" time="1.603" classname="Marketplace.SignUp"/>
  <testcase name="emptyLastNameTest" time="1.598" classname="Marketplace.SignUp"/>
  <testcase name="emptyCompanyNameTest" time="1.64" classname="Marketplace.SignUp"/>
  <testcase name="emptyAddressTest" time="1.631" classname="Marketplace.SignUp"/>
  <testcase name="emptyCityTest" time="1.685" classname="Marketplace.SignUp"/>
  <testcase name="emptyMobileNumberTest" time="1.623" classname="Marketplace.SignUp"/>
  <testcase name="emptyZipCodeTest" time="1.639" classname="Marketplace.SignUp"/>
  <testcase name="emptyPasswordTest" time="1.628" classname="Marketplace.SignUp"/>
  <testcase name="emptyConfirmPasswordTest" time="1.516" classname="Marketplace.SignUp"/>
  <testcase name="emptyCurrencyTest" time="1.698" classname="Marketplace.SignUp"/>
  <testcase name="emptyCountryTest" time="1.88" classname="Marketplace.SignUp"/>
  <testcase name="emptyStateTest" time="1.709" classname="Marketplace.SignUp"/>
</testsuite> <!-- SignUpValidation -->
